# JRE version: Java(TM) SE Runtime Environment (8.0_144-b01) (build 1.8.0_144-b01)
# Java VM: Java HotSpot(TM) 64-Bit Server VM (25.144-b01 mixed mode bsd-amd64 compressed oops)
Heap:
 PSYoungGen      total 178176K, used 60094K [0x0000000795580000, 0x00000007a3880000, 0x00000007c0000000)
  eden space 169472K, 30% used [0x0000000795580000,0x00000007987b6848,0x000000079fb00000)
  from space 8704K, 99% used [0x00000007a0780000,0x00000007a0ff90c8,0x00000007a1000000)
  to   space 12800K, 0% used [0x000000079fb00000,0x000000079fb00000,0x00000007a0780000)
 ParOldGen       total 52224K, used 13579K [0x0000000740000000, 0x0000000743300000, 0x0000000795580000)
  object space 52224K, 26% used [0x0000000740000000,0x0000000740d42da0,0x0000000743300000)
 Metaspace       used 31554K, capacity 34182K, committed 34304K, reserved 1079296K
  class space    used 3756K, capacity 4602K, committed 4608K, reserved 1048576K
GC Heap History (10 events):
Event: 4.098 GC heap before
{Heap before GC invocations=5 (full 0):
 PSYoungGen      total 71680K, used 25069K [0x0000000795580000, 0x000000079a080000, 0x00000007c0000000)
  eden space 66560K, 29% used [0x0000000795580000,0x00000007968ff8a0,0x0000000799680000)
  from space 5120K, 99% used [0x0000000799b80000,0x000000079a07be40,0x000000079a080000)
  to   space 5120K, 0% used [0x0000000799680000,0x0000000799680000,0x0000000799b80000)
 ParOldGen       total 87552K, used 433K [0x0000000740000000, 0x0000000745580000, 0x0000000795580000)
  object space 87552K, 0% used [0x0000000740000000,0x000000074006c4b0,0x0000000745580000)
 Metaspace       used 20515K, capacity 21128K, committed 21248K, reserved 1067008K
  class space    used 2500K, capacity 2775K, committed 2816K, reserved 1048576K
Event: 4.109 GC heap after
Heap after GC invocations=5 (full 0):
 PSYoungGen      total 71680K, used 5003K [0x0000000795580000, 0x000000079e480000, 0x00000007c0000000)
  eden space 66560K, 0% used [0x0000000795580000,0x0000000795580000,0x0000000799680000)
  from space 5120K, 97% used [0x0000000799680000,0x0000000799b62cf8,0x0000000799b80000)
  to   space 6656K, 0% used [0x000000079de00000,0x000000079de00000,0x000000079e480000)
 ParOldGen       total 87552K, used 441K [0x0000000740000000, 0x0000000745580000, 0x0000000795580000)
  object space 87552K, 0% used [0x0000000740000000,0x000000074006e4b0,0x0000000745580000)
 Metaspace       used 20515K, capacity 21128K, committed 21248K, reserved 1067008K
  class space    used 2500K, capacity 2775K, committed 2816K, reserved 1048576K
}
Event: 4.110 GC heap before
{Heap before GC invocations=6 (full 1):
 PSYoungGen      total 71680K, used 5003K [0x0000000795580000, 0x000000079e480000, 0x00000007c0000000)
  eden space 66560K, 0% used [0x0000000795580000,0x0000000795580000,0x0000000799680000)
  from space 5120K, 97% used [0x0000000799680000,0x0000000799b62cf8,0x0000000799b80000)
  to   space 6656K, 0% used [0x000000079de00000,0x000000079de00000,0x000000079e480000)
 ParOldGen       total 87552K, used 441K [0x0000000740000000, 0x0000000745580000, 0x0000000795580000)
  object space 87552K, 0% used [0x0000000740000000,0x000000074006e4b0,0x0000000745580000)
 Metaspace       used 20515K, capacity 21128K, committed 21248K, reserved 1067008K
  class space    used 2500K, capacity 2775K, committed 2816K, reserved 1048576K
Event: 4.141 GC heap after
Heap after GC invocations=6 (full 1):
 PSYoungGen      total 71680K, used 0K [0x0000000795580000, 0x000000079e480000, 0x00000007c0000000)
  eden space 66560K, 0% used [0x0000000795580000,0x0000000795580000,0x0000000799680000)
  from space 5120K, 0% used [0x0000000799680000,0x0000000799680000,0x0000000799b80000)
  to   space 6656K, 0% used [0x000000079de00000,0x000000079de00000,0x000000079e480000)
 ParOldGen       total 52224K, used 4825K [0x0000000740000000, 0x0000000743300000, 0x0000000795580000)
  object space 52224K, 9% used [0x0000000740000000,0x00000007404b6788,0x0000000743300000)
 Metaspace       used 20515K, capacity 21128K, committed 21248K, reserved 1067008K
  class space    used 2500K, capacity 2775K, committed 2816K, reserved 1048576K
}
Event: 5.761 GC heap before
{Heap before GC invocations=7 (full 1):
 PSYoungGen      total 71680K, used 66560K [0x0000000795580000, 0x000000079e480000, 0x00000007c0000000)
  eden space 66560K, 100% used [0x0000000795580000,0x0000000799680000,0x0000000799680000)
  from space 5120K, 0% used [0x0000000799680000,0x0000000799680000,0x0000000799b80000)
  to   space 6656K, 0% used [0x000000079de00000,0x000000079de00000,0x000000079e480000)
 ParOldGen       total 52224K, used 4825K [0x0000000740000000, 0x0000000743300000, 0x0000000795580000)
  object space 52224K, 9% used [0x0000000740000000,0x00000007404b6788,0x0000000743300000)
 Metaspace       used 23447K, capacity 24634K, committed 24704K, reserved 1071104K
  class space    used 2746K, capacity 3151K, committed 3200K, reserved 1048576K
Event: 5.783 GC heap after
Heap after GC invocations=7 (full 1):
 PSYoungGen      total 113152K, used 5272K [0x0000000795580000, 0x000000079e380000, 0x00000007c0000000)
  eden space 107520K, 0% used [0x0000000795580000,0x0000000795580000,0x000000079be80000)
  from space 5632K, 93% used [0x000000079de00000,0x000000079e3262b8,0x000000079e380000)
  to   space 6656K, 0% used [0x000000079d680000,0x000000079d680000,0x000000079dd00000)
 ParOldGen       total 52224K, used 4833K [0x0000000740000000, 0x0000000743300000, 0x0000000795580000)
  object space 52224K, 9% used [0x0000000740000000,0x00000007404b8788,0x0000000743300000)
 Metaspace       used 23447K, capacity 24634K, committed 24704K, reserved 1071104K
  class space    used 2746K, capacity 3151K, committed 3200K, reserved 1048576K
}
Event: 6.970 GC heap before
{Heap before GC invocations=8 (full 1):
 PSYoungGen      total 113152K, used 112792K [0x0000000795580000, 0x000000079e380000, 0x00000007c0000000)
  eden space 107520K, 100% used [0x0000000795580000,0x000000079be80000,0x000000079be80000)
  from space 5632K, 93% used [0x000000079de00000,0x000000079e3262b8,0x000000079e380000)
  to   space 6656K, 0% used [0x000000079d680000,0x000000079d680000,0x000000079dd00000)
 ParOldGen       total 52224K, used 4833K [0x0000000740000000, 0x0000000743300000, 0x0000000795580000)
  object space 52224K, 9% used [0x0000000740000000,0x00000007404b8788,0x0000000743300000)
 Metaspace       used 25546K, capacity 27280K, committed 27392K, reserved 1073152K
  class space    used 2979K, capacity 3555K, committed 3584K, reserved 1048576K
Event: 6.984 GC heap after
Heap after GC invocations=8 (full 1):
 PSYoungGen      total 138752K, used 6640K [0x0000000795580000, 0x00000007a1000000, 0x00000007c0000000)
  eden space 132096K, 0% used [0x0000000795580000,0x0000000795580000,0x000000079d680000)
  from space 6656K, 99% used [0x000000079d680000,0x000000079dcfc010,0x000000079dd00000)
  to   space 8704K, 0% used [0x00000007a0780000,0x00000007a0780000,0x00000007a1000000)
 ParOldGen       total 52224K, used 7008K [0x0000000740000000, 0x0000000743300000, 0x0000000795580000)
  object space 52224K, 13% used [0x0000000740000000,0x00000007406d8188,0x0000000743300000)
 Metaspace       used 25546K, capacity 27280K, committed 27392K, reserved 1073152K
  class space    used 2979K, capacity 3555K, committed 3584K, reserved 1048576K
}
Event: 14.136 GC heap before
{Heap before GC invocations=9 (full 1):
 PSYoungGen      total 138752K, used 138736K [0x0000000795580000, 0x00000007a1000000, 0x00000007c0000000)
  eden space 132096K, 100% used [0x0000000795580000,0x000000079d680000,0x000000079d680000)
  from space 6656K, 99% used [0x000000079d680000,0x000000079dcfc010,0x000000079dd00000)
  to   space 8704K, 0% used [0x00000007a0780000,0x00000007a0780000,0x00000007a1000000)
 ParOldGen       total 52224K, used 7008K [0x0000000740000000, 0x0000000743300000, 0x0000000795580000)
  object space 52224K, 13% used [0x0000000740000000,0x00000007406d8188,0x0000000743300000)
 Metaspace       used 30907K, capacity 33334K, committed 33536K, reserved 1079296K
  class space    used 3682K, capacity 4505K, committed 4608K, reserved 1048576K
Event: 14.158 GC heap after
Heap after GC invocations=9 (full 1):
 PSYoungGen      total 178176K, used 8676K [0x0000000795580000, 0x00000007a3880000, 0x00000007c0000000)
  eden space 169472K, 0% used [0x0000000795580000,0x0000000795580000,0x000000079fb00000)
  from space 8704K, 99% used [0x00000007a0780000,0x00000007a0ff90c8,0x00000007a1000000)
  to   space 12800K, 0% used [0x000000079fb00000,0x000000079fb00000,0x00000007a0780000)
 ParOldGen       total 52224K, used 13579K [0x0000000740000000, 0x0000000743300000, 0x0000000795580000)
  object space 52224K, 26% used [0x0000000740000000,0x0000000740d42da0,0x0000000743300000)
 Metaspace       used 30907K, capacity 33334K, committed 33536K, reserved 1079296K
  class space    used 3682K, capacity 4505K, committed 4608K, reserved 1048576K
}

